<?xml version="1.0" encoding="UTF-8"?>
<!-- Generated by org.testng.reporters.JUnitReportReporter -->
<testsuite hostname="shiwh" name="com.jtv.miracle3.Adduser" tests="1" failures="0" timestamp="26 May 2017 03:25:42 GMT" time="37.219" errors="0">
  <testcase name="adduser" time="37.219" classname="com.jtv.miracle3.Adduser"/>
</testsuite> <!-- com.jtv.miracle3.Adduser -->
