<?xml version="1.0" encoding="UTF-8"?>
<!-- Generated by org.testng.reporters.JUnitReportReporter -->
<testsuite hostname="shiwh" name="com.jtv.miracle3.AutoQuery" tests="1" failures="0" timestamp="27 Mar 2017 06:57:15 GMT" time="27.015" errors="0">
  <testcase name="query" time="27.015" classname="com.jtv.miracle3.AutoQuery"/>
</testsuite> <!-- com.jtv.miracle3.AutoQuery -->
