<?xml version="1.0" encoding="UTF-8"?>
<!-- Generated by org.testng.reporters.JUnitReportReporter -->
<testsuite hostname="shiwh" name="com.jtv.miracle3.CheckboxRadioBox" tests="1" failures="0" timestamp="22 May 2017 07:22:07 GMT" time="19.686" errors="0">
  <testcase name="changebox" time="19.686" classname="com.jtv.miracle3.CheckboxRadioBox"/>
</testsuite> <!-- com.jtv.miracle3.CheckboxRadioBox -->
