<?xml version="1.0" encoding="UTF-8"?>
<!-- Generated by org.testng.reporters.JUnitReportReporter -->
<testsuite hostname="shiwh" name="com.jtv.miracle3.SettingViewFont" tests="1" failures="0" timestamp="27 Mar 2017 06:57:15 GMT" time="10.772" errors="0">
  <testcase name="font" time="10.772" classname="com.jtv.miracle3.SettingViewFont"/>
</testsuite> <!-- com.jtv.miracle3.SettingViewFont -->
