<?xml version="1.0" encoding="UTF-8"?>
<!-- Generated by org.testng.reporters.JUnitReportReporter -->
<testsuite hostname="shiwh" name="com.jtv.miracle3.NewRoles" tests="1" failures="0" timestamp="27 Mar 2017 06:57:15 GMT" time="17.523" errors="0">
  <testcase name="newrole" time="17.523" classname="com.jtv.miracle3.NewRoles"/>
</testsuite> <!-- com.jtv.miracle3.NewRoles -->
