<?xml version="1.0" encoding="UTF-8"?>
<!-- Generated by org.testng.reporters.JUnitReportReporter -->
<testsuite hostname="shiwh" name="com.jtv.miracle3.ViewUser" tests="1" failures="0" timestamp="27 Mar 2017 06:57:15 GMT" time="19.856" errors="0">
  <testcase name="view" time="19.856" classname="com.jtv.miracle3.ViewUser"/>
</testsuite> <!-- com.jtv.miracle3.ViewUser -->
