<?xml version="1.0" encoding="UTF-8"?>
<!-- Generated by org.testng.reporters.JUnitReportReporter -->
<testsuite hostname="shiwh" name="com.jtv.miracle3.SettingLogo" tests="1" failures="0" timestamp="20 Apr 2017 09:23:30 GMT" time="30.426" errors="0">
  <testcase name="logo" time="30.426" classname="com.jtv.miracle3.SettingLogo"/>
</testsuite> <!-- com.jtv.miracle3.SettingLogo -->
