<?xml version="1.0" encoding="UTF-8"?>
<!-- Generated by org.testng.reporters.JUnitReportReporter -->
<testsuite hostname="shiwh" name="com.jtv.miracle3.Test1" tests="1" failures="0" timestamp="22 Sep 2016 02:42:05 GMT" time="9.565" errors="0">
  <testcase name="login" time="9.565" classname="com.jtv.miracle3.Test1"/>
</testsuite> <!-- com.jtv.miracle3.Test1 -->
