<?xml version="1.0" encoding="UTF-8"?>
<!-- Generated by org.testng.reporters.JUnitReportReporter -->
<testsuite hostname="shiwh" name="com.jtv.miracle3.MidifyUserPasswd" tests="1" failures="0" timestamp="28 Sep 2016 03:31:04 GMT" time="11.733" errors="0">
  <testcase name="modify" time="11.733" classname="com.jtv.miracle3.MidifyUserPasswd"/>
</testsuite> <!-- com.jtv.miracle3.MidifyUserPasswd -->
