<?xml version="1.0" encoding="UTF-8"?>
<!-- Generated by org.testng.reporters.JUnitReportReporter -->
<testsuite hostname="shiwh" name="com.jtv.miracle3.MidifyUserInfo" tests="1" failures="0" timestamp="27 Sep 2016 06:25:48 GMT" time="7.908" errors="0">
  <testcase name="modify" time="7.908" classname="com.jtv.miracle3.MidifyUserInfo"/>
</testsuite> <!-- com.jtv.miracle3.MidifyUserInfo -->
