<?xml version="1.0" encoding="UTF-8"?>
<!-- Generated by org.testng.reporters.JUnitReportReporter -->
<testsuite hostname="shiwh" name="com.jtv.miracle3.LoginMiracle3" tests="1" failures="0" timestamp="22 Sep 2016 02:47:05 GMT" time="8.558" errors="0">
  <testcase name="loginmiracle" time="8.558" classname="com.jtv.miracle3.LoginMiracle3"/>
</testsuite> <!-- com.jtv.miracle3.LoginMiracle3 -->
