<?xml version="1.0" encoding="UTF-8"?>
<!-- Generated by org.testng.reporters.JUnitReportReporter -->
<testsuite hostname="shiwh" name="com.jtv.miracle3.SafeOut" tests="1" failures="0" timestamp="27 Mar 2017 06:57:15 GMT" time="16.346" errors="0">
  <testcase name="safeOut" time="16.346" classname="com.jtv.miracle3.SafeOut"/>
</testsuite> <!-- com.jtv.miracle3.SafeOut -->
