<?xml version="1.0" encoding="UTF-8"?>
<!-- Generated by org.testng.reporters.JUnitReportReporter -->
<testsuite hostname="shiwh" name="com.jtv.miracle3.Setting" tests="1" failures="0" timestamp="14 Oct 2016 07:11:45 GMT" time="11.168" errors="0">
  <testcase name="tool" time="11.168" classname="com.jtv.miracle3.Setting"/>
</testsuite> <!-- com.jtv.miracle3.Setting -->
